<?xml version="1.0" encoding="utf-8"?><testsuites name="pytest tests"><testsuite name="pytest" errors="0" failures="0" skipped="0" tests="24" time="4.447" timestamp="2026-07-21T15:37:43.576853+00:00" hostname="agent-env-55409f31-3cb9-49be-b9b2-5a432826982f"><testcase classname="tests.backend_test" name="test_root" time="0.339" /><testcase classname="tests.backend_test" name="test_list_cars" time="0.079" /><testcase classname="tests.backend_test" name="test_filter_suv" time="0.070" /><testcase classname="tests.backend_test" name="test_get_car_detail" time="0.151" /><testcase classname="tests.backend_test" name="test_get_car_404" time="0.073" /><testcase classname="tests.backend_test" name="test_create_lead" time="0.078" /><testcase classname="tests.backend_test" name="test_create_booking" time="0.230" /><testcase classname="tests.backend_test" name="test_get_booking" time="0.071" /><testcase classname="tests.backend_test" name="test_create_checkout" time="0.790" /><testcase classname="tests.backend_test" name="test_payment_status" time="0.304" /><testcase classname="tests.backend_test" name="test_admin_wrong_password" time="0.082" /><testcase classname="tests.backend_test" name="test_admin_login_ok" time="0.081" /><testcase classname="tests.backend_test" name="test_admin_list_cars" time="0.085" /><testcase classname="tests.backend_test" name="test_admin_create_car" time="0.072" /><testcase classname="tests.backend_test" name="test_admin_update_car" time="0.072" /><testcase classname="tests.backend_test" name="test_admin_delete_car" time="0.139" /><testcase classname="tests.backend_test" name="test_admin_bookings" time="0.075" /><testcase classname="tests.backend_test" name="test_admin_update_booking" time="0.072" /><testcase classname="tests.backend_test" name="test_admin_leads" time="0.081" /><testcase classname="tests.backend_test" name="test_admin_update_lead" time="0.075" /><testcase classname="tests.backend_test" name="test_admin_stats" time="0.070" /><testcase classname="tests.backend_test" name="test_admin_requires_token" time="0.070" /><testcase classname="tests.backend_test" name="test_me_without_cookie" time="0.151" /><testcase classname="tests.backend_test" name="test_me_with_mock_session" time="0.244" /></testsuite></testsuites>